build/app/outputs/mapping/release/seeds.txt
com.kzn.chitcute.MainActivity: MainActivity()
com.kzn.chitcute.MainActivity
...
com.google.firestore.v1.DocumentTransform$FieldTransform: java.lang.String fieldPath_
io.flutter.plugins.firebase.firestore.FlutterFirebaseFirestoreRegistrar: FlutterFirebaseFirestoreRegistrar()
com.google.firebase.inappmessaging.ExperimentPayloadProto$ExperimentPayload: com.google.protobuf.Parser PARSER
com.google.firebase.abt.component.AbtRegistrar: AbtRegistrar()
com.google.firebase.inappmessaging.MessagesProto$ImageOnlyMessage
com.google.android.gms.internal.firebase-auth-api.zzlu: android.os.Parcelable$Creator CREATOR
com.google.internal.firebase.inappmessaging.v1.CampaignProto$ThickContent: boolean isTestCampaign_
com.google.protobuf.Timestamp: int nanos_
com.google.gson.FieldNamingPolicy: com.google.gson.FieldNamingPolicy[] values()
com.google.android.gms.measurement.internal.AppMeasurementDynamiteService: void initialize(com.google.android.gms.dynamic.IObjectWrapper,com.google.android.gms.internal.measurement.zzcl,long)
com.google.android.gms.measurement.internal.AppMeasurementDynamiteService: void getMaxUserProperties(java.lang.String,com.google.android.gms.internal.measurement.zzcf)
com.google.android.gms.measurement.internal.AppMeasurementDynamiteService: void onActivitySaveInstanceState(com.google.android.gms.dynamic.IObjectWrapper,com.google.android.gms.internal.measurement.zzcf,long)
org.threeten.bp.temporal.IsoFields$Unit: org.threeten.bp.temporal.IsoFields$Unit[] values()
com.google.android.gms.internal.measurement.zzfy: java.lang.String zzr
androidx.core.widget.NestedScrollView: float getBottomFadingEdgeStrength()
org.threeten.bp.temporal.IsoFields$Field: org.threeten.bp.temporal.IsoFields$Field[] values()
io.flutter.embedding.engine.FlutterJNI: void setViewportMetrics(float,int,int,int,int,int,int,int,int,int,int,int,int,int,int,int)
com.dexterous.flutterlocalnotifications.ScheduledNotificationReceiver: ScheduledNotificationReceiver()
com.dexterous.flutterlocalnotifications.models.IconSource: com.dexterous.flutterlocalnotifications.models.IconSource[] $VALUES
com.dexterous.flutterlocalnotifications.FlutterLocalNotificationsPlugin: java.lang.String START_FOREGROUND_SERVICE
com.bumptech.glide.load.ImageHeaderParser$ImageType: com.bumptech.glide.load.ImageHeaderParser$ImageType[] values()
com.google.android.gms.internal.firebase-auth-api.zzhz: int zze
com.dexterous.flutterlocalnotifications.models.NotificationDetails: java.lang.String shortcutId
com.dexterous.flutterlocalnotifications.FlutterLocalNotificationsPlugin: boolean hasInvalidLedDetails(io.flutter.plugin.common.MethodChannel$Result,com.dexterous.flutterlocalnotifications.models.NotificationDetails)
androidx.appcompat.widget.AppCompatSpinner: androidx.appcompat.widget.AppCompatSpinner$SpinnerPopup getInternalPopup()
com.google.firebase.firestore.DocumentChange$Type: com.google.firebase.firestore.DocumentChange$Type[] values()
com.dexterous.flutterlocalnotifications.models.BitmapSource: com.dexterous.flutterlocalnotifications.models.BitmapSource[] values()
com.google.protobuf.GeneratedMessageLite: java.util.Map defaultInstanceMap
com.google.android.gms.internal.firebase-auth-api.zziw
com.google.firebase.inappmessaging.MessagesProto$Content: int messageDetailsCase_
androidx.constraintlayout.widget.ConstraintHelper: void setIds(java.lang.String)
io.grpc.internal.ManagedChannelImpl$ResolutionState: io.grpc.internal.ManagedChannelImpl$ResolutionState[] values()
androidx.constraintlayout.widget.Placeholder: int getEmptyVisibility()
com.google.firebase.inappmessaging.MessagesProto$CardMessage: int PORTRAIT_IMAGE_URL_FIELD_NUMBER
io.flutter.view.AccessibilityBridge$AccessibilityFeature: io.flutter.view.AccessibilityBridge$AccessibilityFeature[] values()
com.google.firestore.v1.BatchGetDocumentsRequest: int NEW_TRANSACTION_FIELD_NUMBER
androidx.cardview.widget.CardView: void setMaxCardElevation(float)
androidx.appcompat.widget.AppCompatImageButton: void setSupportBackgroundTintMode(android.graphics.PorterDuff$Mode)