build/app/outputs/mapping/release/usage.txt
com.kzn.chitcute.R$layout
com.kzn.chitcute.R$integer
com.kzn.chitcute.R
com.kzn.chitcute.R$interpolator
com.kzn.chitcute.R$id
com.kzn.chitcute.R$dimen
com.kzn.chitcute.R$string
com.kzn.chitcute.R$xml
com.kzn.chitcute.R$anim
com.kzn.chitcute.BuildConfig
com.kzn.chitcute.R$styleable
com.kzn.chitcute.R$style
com.kzn.chitcute.R$drawable
com.kzn.chitcute.R$mipmap
com.kzn.chitcute.R$attr
com.kzn.chitcute.R$color
com.kzn.chitcute.R$bool
...
org.threeten.bp.temporal.TemporalField:
    public abstract org.threeten.bp.temporal.TemporalUnit getBaseUnit()
    public abstract org.threeten.bp.temporal.TemporalUnit getRangeUnit()
    public abstract java.lang.String getDisplayName(java.util.Locale)
com.google.api.ContextRule
androidx.core.internal.package-info
io.reactivex.internal.operators.flowable.FlowableReduceSeedSingle$ReduceSeedObserver
com.bumptech.glide.load.engine.Engine:
    public void clearDiskCache()
    public void shutdown()
    private static final java.lang.String TAG
    private static final int JOB_POOL_SIZE
com.squareup.okhttp.internal.framed.FramedConnection$Reader$2
kotlin.text.StringsKt___StringsJvmKt
com.google.android.gms.common.internal.service.zal
com.google.firestore.admin.v1.Index$State$1
com.google.common.util.concurrent.ServiceManager$NoOpService
io.reactivex.processors.ReplayProcessor
androidx.annotation.ArrayRes
com.google.common.util.concurrent.Callables$1
com.google.android.gms.measurement.internal.zzir
com.google.firebase.messaging.reporting.MessagingClientEventExtension:
    public static com.google.firebase.messaging.reporting.MessagingClientEventExtension getDefaultInstance()
    public com.google.firebase.messaging.reporting.MessagingClientEvent getMessagingClientEvent()
    public void writeTo(java.io.OutputStream)
io.reactivex.subjects.ReplaySubject$ReplayBuffer
com.google.common.io.BaseEncoding$StandardBaseEncoding$1
io.perfmark.PerfMark:
    public static void setEnabled(boolean)
    public static void startTask(java.lang.Object,io.perfmark.StringFunction)
    public static void startTask(java.lang.String,java.lang.String)
    public static io.perfmark.TaskCloseable traceTask(java.lang.String)
    public static io.perfmark.TaskCloseable traceTask(java.lang.Object,io.perfmark.StringFunction)
    public static void event(java.lang.String)
    public static void event(java.lang.String,java.lang.String)
    public static void stopTask()
    public static void stopTask(java.lang.String,java.lang.String)
    public static io.perfmark.Tag createTag()
    public static io.perfmark.Tag createTag(long)
    public static io.perfmark.Link link()
    public static void attachTag(io.perfmark.Tag)
    public static void attachTag(java.lang.String,java.lang.String)
    public static void attachTag(java.lang.String,long)
    public static void attachTag(java.lang.String,long,long)
    public static void attachTag(java.lang.String,java.lang.Object,io.perfmark.StringFunction)
com.google.common.collect.MapMakerInternalMap$Values
com.google.common.collect.Synchronized$SynchronizedObject
com.google.gson.stream.JsonWriter:
    public com.google.gson.stream.JsonWriter jsonValue(java.lang.String)
    public com.google.gson.stream.JsonWriter value(double)
com.google.common.collect.ForwardingNavigableSet$StandardDescendingSet
kotlin.Experimental$Level
com.bumptech.glide.load.data.ExifOrientationStream:
    private static final int SEGMENT_START_POSITION
com.google.common.collect.AbstractSortedMultiset
androidx.print.PrintHelper$PrintUriAdapter$1$1
androidx.slidingpanelayout.R
io.reactivex.internal.operators.observable.ObservableDebounceTimed$DebounceEmitter
kotlin.sequences.SequencesKt___SequencesKt$flatMap$1
androidx.viewpager.R$drawable
io.grpc.ServerStreamTracer
com.google.firestore.admin.v1.Index$State
androidx.core.view.GestureDetectorCompat$GestureDetectorCompatImplBase$GestureHandler
android.support.v4.media.session.MediaSessionCompat$MediaSessionImplBase$MediaSessionStub
kotlin.concurrent.ThreadsKt$thread$thread$1
com.google.api.MonitoringOrBuilder
io.grpc.util.AdvancedTlsX509TrustManager
kotlin.ranges.UIntProgression$Companion
io.reactivex.internal.operators.mixed.ObservableSwitchMapSingle
com.google.api.OAuthRequirements
com.google.firestore.v1.DeleteDocumentRequest$1
com.google.common.util.concurrent.SimpleTimeLimiter$1$1
com.google.rpc.context.AttributeContext$ResponseOrBuilder